#-----------------------------------------------------------
# Vivado v2018.3 (64-bit)
# SW Build 2405991 on Thu Dec  6 23:38:27 MST 2018
# IP Build 2404404 on Fri Dec  7 01:43:56 MST 2018
# Start of session at: Fri Oct 11 13:25:42 2019
# Process ID: 7848
# Current directory: D:/School/UCSB/CS153/git_collab_files/ECE-153A-Labs
# Command line: vivado.exe -gui_launcher_event rodinguilauncherevent3540 D:\School\UCSB\CS153\git_collab_files\ECE-153A-Labs\ece153a_lab1.xpr
# Log file: D:/School/UCSB/CS153/git_collab_files/ECE-153A-Labs/vivado.log
# Journal file: D:/School/UCSB/CS153/git_collab_files/ECE-153A-Labs\vivado.jou
#-----------------------------------------------------------
start_gui
open_project D:/School/UCSB/CS153/git_collab_files/ECE-153A-Labs/ece153a_lab1.xpr
INFO: [Project 1-313] Project file moved from '/home/eolmos/ece153a_lab1' since last save.
Scanning sources...
Finished scanning sources
INFO: [IP_Flow 19-234] Refreshing IP repositories
INFO: [IP_Flow 19-1700] Loaded user IP repository 'd:/School/UCSB/CS153/git_collab_files/ECE-153A-Labs/lab_files_2019/vivado/seven/ip_repo'.
INFO: [IP_Flow 19-2313] Loaded Vivado IP repository 'D:/APPS/Xilinx/Vivado/2018.3/data/ip'.
open_project: Time (s): cpu = 00:00:49 ; elapsed = 00:00:39 . Memory (MB): peak = 895.727 ; gain = 326.750
update_compile_order -fileset sources_1
exit
INFO: [Common 17-206] Exiting Vivado at Fri Oct 11 13:29:14 2019...
