#-----------------------------------------------------------
# Webtalk v2018.3 (64-bit)
# SW Build 2405991 on Thu Dec  6 23:36:41 MST 2018
# 
# Start of session at: Mon Dec  2 23:45:44 2019
# Process ID: 39576
# Current directory: /home/eolmos/ECE-153A-Labs/Lab3B/Lab3B.sdk/webtalk
# Command line: wbtcv -mode batch -source sdk_webtalk.tcl
# Log file: /home/eolmos/ECE-153A-Labs/Lab3B/Lab3B.sdk/webtalk/webtalk.log
# Journal file: /home/eolmos/ECE-153A-Labs/Lab3B/Lab3B.sdk/webtalk/webtalk.jou
#-----------------------------------------------------------
source sdk_webtalk.tcl
# webtalk_init -webtalk_dir /home/eolmos/ECE-153A-Labs/Lab3B/Lab3B.sdk/webtalk
# webtalk_register_client -client project
# webtalk_add_data -client project -key date_generated -value "2019-12-02 23:45:43" -context "software_version_and_target_device"
# webtalk_add_data -client project -key product_version -value "SDK v2018.3" -context "software_version_and_target_device"
# webtalk_add_data -client project -key build_version -value "2018.3" -context "software_version_and_target_device"
# webtalk_add_data -client project -key os_platform -value "amd64" -context "software_version_and_target_device"
# webtalk_add_data -client project -key registration_id -value "" -context "software_version_and_target_device"
# webtalk_add_data -client project -key tool_flow -value "SDK" -context "software_version_and_target_device"
# webtalk_add_data -client project -key beta -value "false" -context "software_version_and_target_device"
# webtalk_add_data -client project -key route_design -value "NA" -context "software_version_and_target_device"
# webtalk_add_data -client project -key target_family -value "NA" -context "software_version_and_target_device"
# webtalk_add_data -client project -key target_device -value "NA" -context "software_version_and_target_device"
# webtalk_add_data -client project -key target_package -value "NA" -context "software_version_and_target_device"
# webtalk_add_data -client project -key target_speed -value "NA" -context "software_version_and_target_device"
# webtalk_add_data -client project -key random_id -value "3aqjuko9ptsgn45dqaljad7i19" -context "software_version_and_target_device"
# webtalk_add_data -client project -key project_id -value "2018.3_15" -context "software_version_and_target_device"
# webtalk_add_data -client project -key project_iteration -value "15" -context "software_version_and_target_device"
# webtalk_add_data -client project -key os_name -value "Ubuntu" -context "user_environment"
# webtalk_add_data -client project -key os_release -value "Ubuntu 18.04.3 LTS" -context "user_environment"
# webtalk_add_data -client project -key cpu_name -value "Intel(R) Core(TM) i5-7360U CPU @ 2.30GHz" -context "user_environment"
# webtalk_add_data -client project -key cpu_speed -value "2303.439 MHz" -context "user_environment"
# webtalk_add_data -client project -key total_processors -value "1" -context "user_environment"
# webtalk_add_data -client project -key system_ram -value "6.223 GB" -context "user_environment"
# webtalk_register_client -client sdk
# webtalk_add_data -client sdk -key uid -value "1575335971000" -context "sdk\\\\hardware/1575335971000"
# webtalk_add_data -client sdk -key isZynq -value "false" -context "sdk\\\\hardware/1575335971000"
# webtalk_add_data -client sdk -key isZynqMP -value "false" -context "sdk\\\\hardware/1575335971000"
# webtalk_add_data -client sdk -key Processors -value "1" -context "sdk\\\\hardware/1575335971000"
# webtalk_add_data -client sdk -key VivadoVersion -value "2018.3_AR71948" -context "sdk\\\\hardware/1575335971000"
# webtalk_add_data -client sdk -key Arch -value "artix7" -context "sdk\\\\hardware/1575335971000"
# webtalk_add_data -client sdk -key Device -value "7a100t" -context "sdk\\\\hardware/1575335971000"
# webtalk_add_data -client sdk -key IsHandoff -value "true" -context "sdk\\\\hardware/1575335971000"
# webtalk_add_data -client sdk -key os -value "NA" -context "sdk\\\\hardware/1575335971000"
# webtalk_add_data -client sdk -key apptemplate -value "NA" -context "sdk\\\\hardware/1575335971000"
# webtalk_add_data -client sdk -key RecordType -value "HWCreation" -context "sdk\\\\hardware/1575335971000"
# webtalk_add_data -client sdk -key uid -value "1575336528000" -context "sdk\\\\bsp/1575336528000"
# webtalk_add_data -client sdk -key hwid -value "1574146846000" -context "sdk\\\\bsp/1575336528000"
# webtalk_add_data -client sdk -key os -value "standalone" -context "sdk\\\\bsp/1575336528000"
# webtalk_add_data -client sdk -key apptemplate -value "empty_application" -context "sdk\\\\bsp/1575336528000"
# webtalk_add_data -client sdk -key RecordType -value "BSPCreation" -context "sdk\\\\bsp/1575336528000"
# webtalk_add_data -client sdk -key uid -value "1575336530000" -context "sdk\\\\application/1575336530000"
# webtalk_add_data -client sdk -key hwid -value "1574146846000" -context "sdk\\\\application/1575336530000"
# webtalk_add_data -client sdk -key bspid -value "1575336528000" -context "sdk\\\\application/1575336530000"
# webtalk_add_data -client sdk -key newbsp -value "true" -context "sdk\\\\application/1575336530000"
# webtalk_add_data -client sdk -key os -value "standalone" -context "sdk\\\\application/1575336530000"
# webtalk_add_data -client sdk -key apptemplate -value "empty_application" -context "sdk\\\\application/1575336530000"
# webtalk_add_data -client sdk -key RecordType -value "APPCreation" -context "sdk\\\\application/1575336530000"
# webtalk_add_data -client sdk -key LangUsed -value "C" -context "sdk\\\\application/1575336530000"
# webtalk_add_data -client sdk -key Procused -value "microblaze" -context "sdk\\\\application/1575336530000"
# webtalk_add_data -client sdk -key projSize -value "262.96875" -context "sdk\\\\application/1575336530000"
# webtalk_add_data -client sdk -key uid -value "NA" -context "sdk\\\\bsp/1575359143429"
# webtalk_add_data -client sdk -key RecordType -value "ToolUsage" -context "sdk\\\\bsp/1575359143429"
# webtalk_add_data -client sdk -key BootgenCount -value "0" -context "sdk\\\\bsp/1575359143429"
# webtalk_add_data -client sdk -key DebugCount -value "33" -context "sdk\\\\bsp/1575359143429"
# webtalk_add_data -client sdk -key PerfCount -value "0" -context "sdk\\\\bsp/1575359143429"
# webtalk_add_data -client sdk -key FlashCount -value "0" -context "sdk\\\\bsp/1575359143429"
# webtalk_add_data -client sdk -key CrossTriggCount -value "0" -context "sdk\\\\bsp/1575359143429"
# webtalk_add_data -client sdk -key QemuDebugCount -value "0" -context "sdk\\\\bsp/1575359143429"
# webtalk_transmit -clientid 3476283546 -regid "" -xml /home/eolmos/ECE-153A-Labs/Lab3B/Lab3B.sdk/webtalk/usage_statistics_ext_sdk.xml -html /home/eolmos/ECE-153A-Labs/Lab3B/Lab3B.sdk/webtalk/usage_statistics_ext_sdk.html -wdm /home/eolmos/ECE-153A-Labs/Lab3B/Lab3B.sdk/webtalk/sdk_webtalk.wdm -intro "<H3>SDK Usage Report</H3><BR>"
INFO: [Common 17-186] '/home/eolmos/ECE-153A-Labs/Lab3B/Lab3B.sdk/webtalk/usage_statistics_ext_sdk.xml' has been successfully sent to Xilinx on Mon Dec  2 23:45:46 2019. For additional details about this file, please refer to the WebTalk help file at /tools/Xilinx/SDK/2018.3/doc/webtalk_introduction.html.
# webtalk_terminate
INFO: [Common 17-206] Exiting Webtalk at Mon Dec  2 23:45:46 2019...
